[0.000000] (-) TimerEvent: {}
[0.000435] (-) JobUnselected: {'identifier': 'app'}
[0.000741] (-) JobUnselected: {'identifier': 'bringup'}
[0.000858] (-) JobUnselected: {'identifier': 'calibration'}
[0.001007] (-) JobUnselected: {'identifier': 'controller'}
[0.001037] (-) JobUnselected: {'identifier': 'example'}
[0.001085] (-) JobUnselected: {'identifier': 'interfaces'}
[0.001107] (-) JobUnselected: {'identifier': 'mentorpi_description'}
[0.001141] (-) JobUnselected: {'identifier': 'multi'}
[0.001213] (-) JobUnselected: {'identifier': 'navigation'}
[0.001247] (-) JobUnselected: {'identifier': 'peripherals'}
[0.001309] (-) JobUnselected: {'identifier': 'ros_robot_controller'}
[0.001329] (-) JobUnselected: {'identifier': 'ros_robot_controller_msgs'}
[0.001350] (-) JobUnselected: {'identifier': 'sdk'}
[0.001384] (-) JobUnselected: {'identifier': 'slam'}
[0.001404] (-) JobUnselected: {'identifier': 'yolov5_ros2'}
[0.001459] (wilj_test) JobQueued: {'identifier': 'wilj_test', 'dependencies': OrderedDict()}
[0.001498] (wilj_test) JobStarted: {'identifier': 'wilj_test'}
[0.099630] (-) TimerEvent: {}
[0.199965] (-) TimerEvent: {}
[0.300309] (-) TimerEvent: {}
[0.401183] (-) TimerEvent: {}
[0.501624] (-) TimerEvent: {}
[0.602287] (-) TimerEvent: {}
[0.703039] (-) TimerEvent: {}
[0.803899] (-) TimerEvent: {}
[0.904374] (-) TimerEvent: {}
[1.005096] (-) TimerEvent: {}
[1.096693] (wilj_test) Command: {'cmd': ['/usr/bin/python3', 'setup.py', 'develop', '--editable', '--build-directory', '/home/ubuntu/ros2_ws/src/build/wilj_test/build', '--no-deps', 'install_data'], 'cwd': '/home/ubuntu/ros2_ws/src/build/wilj_test', 'env': {'HOSTNAME': 'raspberrypi', 'GIT_ASKPASS': '/root/.vscode-server/bin/cd4ee3b1c348a13bafd8f9ad8060705f6d4b9cba/extensions/git/dist/askpass.sh', 'ROS_PACKAGE_PATH': '/home/ubuntu/third_party_ros2/third_party_ws/install/async_web_server_cpp/share', 'SHLVL': '2', 'BROWSER': '/root/.vscode-server/bin/cd4ee3b1c348a13bafd8f9ad8060705f6d4b9cba/bin/helpers/browser.sh', 'LD_LIBRARY_PATH': '/home/ubuntu/ros2_ws/install/ros_robot_controller_msgs/lib:/home/ubuntu/ros2_ws/install/interfaces/lib:/home/ubuntu/third_party_ros2/third_party_ws/install/teb_local_planner/lib:/home/ubuntu/third_party_ros2/third_party_ws/install/teb_msgs/lib:/home/ubuntu/third_party_ros2/third_party_ws/install/laser_filters/lib:/home/ubuntu/third_party_ros2/third_party_ws/install/costmap_converter/lib:/home/ubuntu/third_party_ros2/third_party_ws/install/costmap_converter_msgs/lib:/home/ubuntu/third_party_ros2/third_party_ws/install/async_web_server_cpp/lib:/home/ubuntu/third_party_ros2/third_party_ws/install/apriltag_ros/lib:/home/ubuntu/third_party_ros2/third_party_ws/install/apriltag_msgs/lib:/opt/ros/humble/opt/rviz_ogre_vendor/lib:/opt/ros/humble/lib/aarch64-linux-gnu:/opt/ros/humble/lib', 'HOME': '/root', 'OLDPWD': '/home/ubuntu/ros2_ws', 'TERM_PROGRAM_VERSION': '1.96.4', 'VSCODE_IPC_HOOK_CLI': '/tmp/vscode-ipc-7a7c7f46-4788-4e21-a26b-6573c2c97cae.sock', 'VSCODE_GIT_ASKPASS_MAIN': '/root/.vscode-server/bin/cd4ee3b1c348a13bafd8f9ad8060705f6d4b9cba/extensions/git/dist/askpass-main.js', 'ROS_PYTHON_VERSION': '3', 'VSCODE_GIT_ASKPASS_NODE': '/root/.vscode-server/bin/cd4ee3b1c348a13bafd8f9ad8060705f6d4b9cba/node', 'LC_CTYPE': 'C.UTF-8', 'REMOTE_CONTAINERS': 'true', 'COLORTERM': 'truecolor', 'ROS_DISTRO': 'humble', 'COLCON_PREFIX_PATH': '/home/ubuntu/ros2_ws/install:/home/ubuntu/third_party_ros2/third_party_ws/install', 'REMOTE_CONTAINERS_IPC': '/tmp/vscode-remote-containers-ipc-58958680-9220-4e7a-9436-e63e59f34f4c.sock', 'LOGNAME': 'root', '_': '/usr/bin/colcon', 'USER_ZDOTDIR': '/root', 'ROS_VERSION': '2', 'PKG_CONFIG_PATH': '/home/ubuntu/third_party_ros2/third_party_ws/install/async_web_server_cpp/lib/aarch64-linux-gnu/pkgconfig:/home/ubuntu/third_party_ros2/third_party_ws/install/async_web_server_cpp/lib/pkgconfig', 'TERM': 'xterm-256color', 'ROS_LOCALHOST_ONLY': '0', 'PATH': '/home/ubuntu/third_party_ros2/third_party_ws/install/costmap_converter/bin:/opt/ros/humble/bin:/root/.vscode-server/bin/cd4ee3b1c348a13bafd8f9ad8060705f6d4b9cba/bin/remote-cli:/usr/local/sbin:/usr/local/bin:/usr/sbin:/usr/bin:/sbin:/bin', 'DISPLAY': ':0', 'REMOTE_CONTAINERS_SOCKETS': '["/root/.gnupg/S.gpg-agent"]', 'LANG': 'en_US.UTF-8', 'VSCODE_INJECTION': '1', 'TERM_PROGRAM': 'vscode', 'VSCODE_GIT_IPC_HANDLE': '/tmp/vscode-git-4ad13eef53.sock', 'AMENT_PREFIX_PATH': '/home/ubuntu/ros2_ws/install/yolov5_ros2:/home/ubuntu/ros2_ws/install/slam:/home/ubuntu/ros2_ws/install/sdk:/home/ubuntu/ros2_ws/install/ros_robot_controller_msgs:/home/ubuntu/ros2_ws/install/ros_robot_controller:/home/ubuntu/ros2_ws/install/peripherals:/home/ubuntu/ros2_ws/install/navigation:/home/ubuntu/ros2_ws/install/multi:/home/ubuntu/ros2_ws/install/mentorpi_description:/home/ubuntu/ros2_ws/install/interfaces:/home/ubuntu/ros2_ws/install/example:/home/ubuntu/ros2_ws/install/controller:/home/ubuntu/ros2_ws/install/calibration:/home/ubuntu/ros2_ws/install/bringup:/home/ubuntu/ros2_ws/install/app:/home/ubuntu/third_party_ros2/third_party_ws/install/ydlidar_ros2_driver:/home/ubuntu/third_party_ros2/third_party_ws/install/web_video_server:/home/ubuntu/third_party_ros2/third_party_ws/install/teb_local_planner:/home/ubuntu/third_party_ros2/third_party_ws/install/teb_msgs:/home/ubuntu/third_party_ros2/third_party_ws/install/sllidar_ros2:/home/ubuntu/third_party_ros2/third_party_ws/install/rf2o_laser_odometry:/home/ubuntu/third_party_ros2/third_party_ws/install/ldlidar_stl_ros2:/home/ubuntu/third_party_ros2/third_party_ws/install/laser_filters:/home/ubuntu/third_party_ros2/third_party_ws/install/imu_calib:/home/ubuntu/third_party_ros2/third_party_ws/install/costmap_converter:/home/ubuntu/third_party_ros2/third_party_ws/install/costmap_converter_msgs:/home/ubuntu/third_party_ros2/third_party_ws/install/ascamera:/home/ubuntu/third_party_ros2/third_party_ws/install/apriltag_ros:/home/ubuntu/third_party_ros2/third_party_ws/install/apriltag_msgs:/opt/ros/humble', 'SHELL': '/usr/bin/zsh', 'VSCODE_GIT_ASKPASS_EXTRA_ARGS': '', 'PWD': '/home/ubuntu/ros2_ws/src/build/wilj_test', 'ZDOTDIR': '/root', 'PYTHONPATH': '/home/ubuntu/ros2_ws/src/build/wilj_test/prefix_override:/home/ubuntu/ros2_ws/src/install/wilj_test/lib/python3.10/site-packages:/home/ubuntu/ros2_ws/build/yolov5_ros2:/home/ubuntu/ros2_ws/install/yolov5_ros2/lib/python3.10/site-packages:/home/ubuntu/ros2_ws/build/slam:/home/ubuntu/ros2_ws/install/slam/lib/python3.10/site-packages:/home/ubuntu/ros2_ws/build/sdk:/home/ubuntu/ros2_ws/install/sdk/lib/python3.10/site-packages:/home/ubuntu/ros2_ws/install/ros_robot_controller_msgs/local/lib/python3.10/dist-packages:/home/ubuntu/ros2_ws/build/ros_robot_controller:/home/ubuntu/ros2_ws/install/ros_robot_controller/lib/python3.10/site-packages:/home/ubuntu/ros2_ws/build/peripherals:/home/ubuntu/ros2_ws/install/peripherals/lib/python3.10/site-packages:/home/ubuntu/ros2_ws/build/navigation:/home/ubuntu/ros2_ws/install/navigation/lib/python3.10/site-packages:/home/ubuntu/ros2_ws/build/multi:/home/ubuntu/ros2_ws/install/multi/lib/python3.10/site-packages:/home/ubuntu/ros2_ws/build/mentorpi_description:/home/ubuntu/ros2_ws/install/mentorpi_description/lib/python3.10/site-packages:/home/ubuntu/ros2_ws/install/interfaces/local/lib/python3.10/dist-packages:/home/ubuntu/ros2_ws/build/example:/home/ubuntu/ros2_ws/install/example/lib/python3.10/site-packages:/home/ubuntu/ros2_ws/build/controller:/home/ubuntu/ros2_ws/install/controller/lib/python3.10/site-packages:/home/ubuntu/ros2_ws/build/calibration:/home/ubuntu/ros2_ws/install/calibration/lib/python3.10/site-packages:/home/ubuntu/ros2_ws/build/bringup:/home/ubuntu/ros2_ws/install/bringup/lib/python3.10/site-packages:/home/ubuntu/ros2_ws/build/app:/home/ubuntu/ros2_ws/install/app/lib/python3.10/site-packages:/home/ubuntu/third_party_ros2/third_party_ws/install/teb_msgs/local/lib/python3.10/dist-packages:/home/ubuntu/third_party_ros2/third_party_ws/install/costmap_converter_msgs/local/lib/python3.10/dist-packages:/home/ubuntu/third_party_ros2/third_party_ws/install/apriltag_msgs/local/lib/python3.10/dist-packages:/opt/ros/humble/lib/python3.10/site-packages:/opt/ros/humble/local/lib/python3.10/dist-packages', 'COLCON': '1', 'CMAKE_PREFIX_PATH': '/home/ubuntu/ros2_ws/install/ros_robot_controller_msgs:/home/ubuntu/ros2_ws/install/interfaces:/home/ubuntu/third_party_ros2/third_party_ws/install/ydlidar_ros2_driver:/home/ubuntu/third_party_ros2/third_party_ws/install/web_video_server:/home/ubuntu/third_party_ros2/third_party_ws/install/teb_local_planner:/home/ubuntu/third_party_ros2/third_party_ws/install/teb_msgs:/home/ubuntu/third_party_ros2/third_party_ws/install/sllidar_ros2:/home/ubuntu/third_party_ros2/third_party_ws/install/rf2o_laser_odometry:/home/ubuntu/third_party_ros2/third_party_ws/install/ldlidar_stl_ros2:/home/ubuntu/third_party_ros2/third_party_ws/install/laser_filters:/home/ubuntu/third_party_ros2/third_party_ws/install/imu_calib:/home/ubuntu/third_party_ros2/third_party_ws/install/costmap_converter:/home/ubuntu/third_party_ros2/third_party_ws/install/costmap_converter_msgs:/home/ubuntu/third_party_ros2/third_party_ws/install/async_web_server_cpp:/home/ubuntu/third_party_ros2/third_party_ws/install/ascamera:/home/ubuntu/third_party_ros2/third_party_ws/install/apriltag_ros:/home/ubuntu/third_party_ros2/third_party_ws/install/apriltag_msgs'}, 'shell': False}
[1.105185] (-) TimerEvent: {}
[1.205770] (-) TimerEvent: {}
[1.306332] (-) TimerEvent: {}
[1.406870] (-) TimerEvent: {}
[1.477878] (wilj_test) StdoutLine: {'line': b'running develop\n'}
[1.478624] (wilj_test) StderrLine: {'line': b'/usr/lib/python3/dist-packages/setuptools/command/easy_install.py:158: EasyInstallDeprecationWarning: easy_install command is deprecated. Use build and pip and other standards-based tools.\n'}
[1.478816] (wilj_test) StderrLine: {'line': b'  warnings.warn(\n'}
[1.480847] (wilj_test) StderrLine: {'line': b'/usr/lib/python3/dist-packages/setuptools/command/install.py:34: SetuptoolsDeprecationWarning: setup.py install is deprecated. Use build and pip and other standards-based tools.\n'}
[1.481080] (wilj_test) StderrLine: {'line': b'  warnings.warn(\n'}
[1.506966] (-) TimerEvent: {}
[1.607677] (-) TimerEvent: {}
[1.692548] (wilj_test) StdoutLine: {'line': b'running egg_info\n'}
[1.693293] (wilj_test) StdoutLine: {'line': b'writing wilj_test.egg-info/PKG-INFO\n'}
[1.693446] (wilj_test) StdoutLine: {'line': b'writing dependency_links to wilj_test.egg-info/dependency_links.txt\n'}
[1.699507] (wilj_test) StdoutLine: {'line': b'writing entry points to wilj_test.egg-info/entry_points.txt\n'}
[1.700314] (wilj_test) StdoutLine: {'line': b'writing requirements to wilj_test.egg-info/requires.txt\n'}
[1.701057] (wilj_test) StdoutLine: {'line': b'writing top-level names to wilj_test.egg-info/top_level.txt\n'}
[1.706470] (wilj_test) StdoutLine: {'line': b"reading manifest file 'wilj_test.egg-info/SOURCES.txt'\n"}
[1.707440] (wilj_test) StdoutLine: {'line': b"writing manifest file 'wilj_test.egg-info/SOURCES.txt'\n"}
[1.707733] (-) TimerEvent: {}
[1.712003] (wilj_test) StdoutLine: {'line': b'running build_ext\n'}
[1.712284] (wilj_test) StdoutLine: {'line': b'Creating /home/ubuntu/ros2_ws/src/install/wilj_test/lib/python3.10/site-packages/wilj-test.egg-link (link to .)\n'}
[1.713164] (wilj_test) StdoutLine: {'line': b'\n'}
[1.713790] (wilj_test) StdoutLine: {'line': b'Installed /home/ubuntu/ros2_ws/src/build/wilj_test\n'}
[1.713907] (wilj_test) StdoutLine: {'line': b'running install_data\n'}
[1.713982] (wilj_test) StdoutLine: {'line': b'copying package.xml -> /home/ubuntu/ros2_ws/src/install/wilj_test/share/wilj_test\n'}
[1.789535] (wilj_test) CommandEnded: {'returncode': 0}
[1.807917] (-) TimerEvent: {}
[1.899190] (wilj_test) JobEnded: {'identifier': 'wilj_test', 'rc': 0}
[1.900138] (-) EventReactorShutdown: {}
