[1.585s] DEBUG:colcon:Command line arguments: ['/usr/bin/colcon', 'build', '--symlink-install', '--packages-select', 'wilj_test']
[1.585s] DEBUG:colcon:Parsed command line arguments: Namespace(log_base=None, log_level=None, verb_name='build', build_base='build', install_base='install', merge_install=False, symlink_install=True, test_result_base=None, continue_on_error=False, executor='parallel', parallel_workers=4, event_handlers=None, ignore_user_meta=False, metas=['./colcon.meta'], base_paths=['.'], packages_ignore=None, packages_ignore_regex=None, paths=None, packages_up_to=None, packages_up_to_regex=None, packages_above=None, packages_above_and_dependencies=None, packages_above_depth=None, packages_select_by_dep=None, packages_skip_by_dep=None, packages_skip_up_to=None, packages_select_build_failed=False, packages_skip_build_finished=False, packages_select_test_failures=False, packages_skip_test_passed=False, packages_select=['wilj_test'], packages_skip=None, packages_select_regex=None, packages_skip_regex=None, packages_start=None, packages_end=None, cmake_args=None, cmake_target=None, cmake_target_skip_unavailable=False, cmake_clean_cache=False, cmake_clean_first=False, cmake_force_configure=False, ament_cmake_args=None, catkin_cmake_args=None, catkin_skip_building_tests=False, mixin_files=None, mixin=None, verb_parser=<colcon_mixin.mixin.mixin_argument.MixinArgumentDecorator object at 0x7ffec443ad40>, verb_extension=<colcon_core.verb.build.BuildVerb object at 0x7ffec53494e0>, main=<bound method BuildVerb.main of <colcon_core.verb.build.BuildVerb object at 0x7ffec53494e0>>, mixin_verb=('build',))
[1.646s] Level 1:colcon.colcon_core.package_discovery:discover_packages(colcon_meta) check parameters
[1.647s] INFO:colcon.colcon_metadata.package_discovery.colcon_meta:Using configuration from '/root/.colcon/metadata/default/Gazebo.meta'
[1.647s] INFO:colcon.colcon_metadata.package_discovery.colcon_meta:Using configuration from '/root/.colcon/metadata/default/fastrtps.meta'
[1.647s] Level 1:colcon.colcon_core.package_discovery:discover_packages(recursive) check parameters
[1.647s] Level 1:colcon.colcon_core.package_discovery:discover_packages(ignore) check parameters
[1.647s] Level 1:colcon.colcon_core.package_discovery:discover_packages(path) check parameters
[1.648s] Level 1:colcon.colcon_core.package_discovery:discover_packages(colcon_meta) discover
[1.648s] Level 1:colcon.colcon_core.package_discovery:discover_packages(recursive) discover
[1.648s] INFO:colcon.colcon_core.package_discovery:Crawling recursively for packages in '/home/ubuntu/ros2_ws/src'
[1.648s] Level 1:colcon.colcon_core.package_identification:_identify(.) by extensions ['ignore', 'ignore_ament_install']
[1.648s] Level 1:colcon.colcon_core.package_identification:_identify(.) by extension 'ignore'
[1.648s] Level 1:colcon.colcon_core.package_identification:_identify(.) by extension 'ignore_ament_install'
[1.648s] Level 1:colcon.colcon_core.package_identification:_identify(.) by extensions ['colcon_pkg']
[1.648s] Level 1:colcon.colcon_core.package_identification:_identify(.) by extension 'colcon_pkg'
[1.648s] Level 1:colcon.colcon_core.package_identification:_identify(.) by extensions ['colcon_meta']
[1.648s] Level 1:colcon.colcon_core.package_identification:_identify(.) by extension 'colcon_meta'
[1.648s] Level 1:colcon.colcon_core.package_identification:_identify(.) by extensions ['ros']
[1.648s] Level 1:colcon.colcon_core.package_identification:_identify(.) by extension 'ros'
[1.687s] Level 1:colcon.colcon_core.package_identification:_identify(.) by extensions ['cmake', 'python']
[1.687s] Level 1:colcon.colcon_core.package_identification:_identify(.) by extension 'cmake'
[1.687s] Level 1:colcon.colcon_core.package_identification:_identify(.) by extension 'python'
[1.687s] Level 1:colcon.colcon_core.package_identification:_identify(.) by extensions ['python_setup_py']
[1.687s] Level 1:colcon.colcon_core.package_identification:_identify(.) by extension 'python_setup_py'
[1.687s] Level 1:colcon.colcon_core.package_identification:_identify(app) by extensions ['ignore', 'ignore_ament_install']
[1.687s] Level 1:colcon.colcon_core.package_identification:_identify(app) by extension 'ignore'
[1.687s] Level 1:colcon.colcon_core.package_identification:_identify(app) by extension 'ignore_ament_install'
[1.688s] Level 1:colcon.colcon_core.package_identification:_identify(app) by extensions ['colcon_pkg']
[1.688s] Level 1:colcon.colcon_core.package_identification:_identify(app) by extension 'colcon_pkg'
[1.688s] Level 1:colcon.colcon_core.package_identification:_identify(app) by extensions ['colcon_meta']
[1.688s] Level 1:colcon.colcon_core.package_identification:_identify(app) by extension 'colcon_meta'
[1.688s] Level 1:colcon.colcon_core.package_identification:_identify(app) by extensions ['ros']
[1.688s] Level 1:colcon.colcon_core.package_identification:_identify(app) by extension 'ros'
[1.691s] DEBUG:colcon.colcon_core.package_identification:Package 'app' with type 'ros.ament_python' and name 'app'
[1.691s] Level 1:colcon.colcon_core.package_identification:_identify(bringup) by extensions ['ignore', 'ignore_ament_install']
[1.691s] Level 1:colcon.colcon_core.package_identification:_identify(bringup) by extension 'ignore'
[1.691s] Level 1:colcon.colcon_core.package_identification:_identify(bringup) by extension 'ignore_ament_install'
[1.691s] Level 1:colcon.colcon_core.package_identification:_identify(bringup) by extensions ['colcon_pkg']
[1.691s] Level 1:colcon.colcon_core.package_identification:_identify(bringup) by extension 'colcon_pkg'
[1.691s] Level 1:colcon.colcon_core.package_identification:_identify(bringup) by extensions ['colcon_meta']
[1.691s] Level 1:colcon.colcon_core.package_identification:_identify(bringup) by extension 'colcon_meta'
[1.691s] Level 1:colcon.colcon_core.package_identification:_identify(bringup) by extensions ['ros']
[1.691s] Level 1:colcon.colcon_core.package_identification:_identify(bringup) by extension 'ros'
[1.692s] DEBUG:colcon.colcon_core.package_identification:Package 'bringup' with type 'ros.ament_python' and name 'bringup'
[1.692s] Level 1:colcon.colcon_core.package_identification:_identify(build) by extensions ['ignore', 'ignore_ament_install']
[1.692s] Level 1:colcon.colcon_core.package_identification:_identify(build) by extension 'ignore'
[1.692s] Level 1:colcon.colcon_core.package_identification:_identify(build) ignored
[1.693s] Level 1:colcon.colcon_core.package_identification:_identify(calibration) by extensions ['ignore', 'ignore_ament_install']
[1.693s] Level 1:colcon.colcon_core.package_identification:_identify(calibration) by extension 'ignore'
[1.693s] Level 1:colcon.colcon_core.package_identification:_identify(calibration) by extension 'ignore_ament_install'
[1.693s] Level 1:colcon.colcon_core.package_identification:_identify(calibration) by extensions ['colcon_pkg']
[1.693s] Level 1:colcon.colcon_core.package_identification:_identify(calibration) by extension 'colcon_pkg'
[1.693s] Level 1:colcon.colcon_core.package_identification:_identify(calibration) by extensions ['colcon_meta']
[1.693s] Level 1:colcon.colcon_core.package_identification:_identify(calibration) by extension 'colcon_meta'
[1.693s] Level 1:colcon.colcon_core.package_identification:_identify(calibration) by extensions ['ros']
[1.693s] Level 1:colcon.colcon_core.package_identification:_identify(calibration) by extension 'ros'
[1.694s] DEBUG:colcon.colcon_core.package_identification:Package 'calibration' with type 'ros.ament_python' and name 'calibration'
[1.694s] Level 1:colcon.colcon_core.package_identification:_identify(driver) by extensions ['ignore', 'ignore_ament_install']
[1.694s] Level 1:colcon.colcon_core.package_identification:_identify(driver) by extension 'ignore'
[1.694s] Level 1:colcon.colcon_core.package_identification:_identify(driver) by extension 'ignore_ament_install'
[1.694s] Level 1:colcon.colcon_core.package_identification:_identify(driver) by extensions ['colcon_pkg']
[1.694s] Level 1:colcon.colcon_core.package_identification:_identify(driver) by extension 'colcon_pkg'
[1.694s] Level 1:colcon.colcon_core.package_identification:_identify(driver) by extensions ['colcon_meta']
[1.694s] Level 1:colcon.colcon_core.package_identification:_identify(driver) by extension 'colcon_meta'
[1.694s] Level 1:colcon.colcon_core.package_identification:_identify(driver) by extensions ['ros']
[1.694s] Level 1:colcon.colcon_core.package_identification:_identify(driver) by extension 'ros'
[1.694s] Level 1:colcon.colcon_core.package_identification:_identify(driver) by extensions ['cmake', 'python']
[1.694s] Level 1:colcon.colcon_core.package_identification:_identify(driver) by extension 'cmake'
[1.694s] Level 1:colcon.colcon_core.package_identification:_identify(driver) by extension 'python'
[1.694s] Level 1:colcon.colcon_core.package_identification:_identify(driver) by extensions ['python_setup_py']
[1.694s] Level 1:colcon.colcon_core.package_identification:_identify(driver) by extension 'python_setup_py'
[1.694s] Level 1:colcon.colcon_core.package_identification:_identify(driver/controller) by extensions ['ignore', 'ignore_ament_install']
[1.694s] Level 1:colcon.colcon_core.package_identification:_identify(driver/controller) by extension 'ignore'
[1.694s] Level 1:colcon.colcon_core.package_identification:_identify(driver/controller) by extension 'ignore_ament_install'
[1.695s] Level 1:colcon.colcon_core.package_identification:_identify(driver/controller) by extensions ['colcon_pkg']
[1.695s] Level 1:colcon.colcon_core.package_identification:_identify(driver/controller) by extension 'colcon_pkg'
[1.695s] Level 1:colcon.colcon_core.package_identification:_identify(driver/controller) by extensions ['colcon_meta']
[1.695s] Level 1:colcon.colcon_core.package_identification:_identify(driver/controller) by extension 'colcon_meta'
[1.695s] Level 1:colcon.colcon_core.package_identification:_identify(driver/controller) by extensions ['ros']
[1.695s] Level 1:colcon.colcon_core.package_identification:_identify(driver/controller) by extension 'ros'
[1.695s] DEBUG:colcon.colcon_core.package_identification:Package 'driver/controller' with type 'ros.ament_python' and name 'controller'
[1.695s] Level 1:colcon.colcon_core.package_identification:_identify(driver/ros_robot_controller) by extensions ['ignore', 'ignore_ament_install']
[1.695s] Level 1:colcon.colcon_core.package_identification:_identify(driver/ros_robot_controller) by extension 'ignore'
[1.696s] Level 1:colcon.colcon_core.package_identification:_identify(driver/ros_robot_controller) by extension 'ignore_ament_install'
[1.696s] Level 1:colcon.colcon_core.package_identification:_identify(driver/ros_robot_controller) by extensions ['colcon_pkg']
[1.696s] Level 1:colcon.colcon_core.package_identification:_identify(driver/ros_robot_controller) by extension 'colcon_pkg'
[1.696s] Level 1:colcon.colcon_core.package_identification:_identify(driver/ros_robot_controller) by extensions ['colcon_meta']
[1.696s] Level 1:colcon.colcon_core.package_identification:_identify(driver/ros_robot_controller) by extension 'colcon_meta'
[1.696s] Level 1:colcon.colcon_core.package_identification:_identify(driver/ros_robot_controller) by extensions ['ros']
[1.696s] Level 1:colcon.colcon_core.package_identification:_identify(driver/ros_robot_controller) by extension 'ros'
[1.696s] DEBUG:colcon.colcon_core.package_identification:Package 'driver/ros_robot_controller' with type 'ros.ament_python' and name 'ros_robot_controller'
[1.696s] Level 1:colcon.colcon_core.package_identification:_identify(driver/ros_robot_controller_msgs) by extensions ['ignore', 'ignore_ament_install']
[1.696s] Level 1:colcon.colcon_core.package_identification:_identify(driver/ros_robot_controller_msgs) by extension 'ignore'
[1.696s] Level 1:colcon.colcon_core.package_identification:_identify(driver/ros_robot_controller_msgs) by extension 'ignore_ament_install'
[1.697s] Level 1:colcon.colcon_core.package_identification:_identify(driver/ros_robot_controller_msgs) by extensions ['colcon_pkg']
[1.697s] Level 1:colcon.colcon_core.package_identification:_identify(driver/ros_robot_controller_msgs) by extension 'colcon_pkg'
[1.697s] Level 1:colcon.colcon_core.package_identification:_identify(driver/ros_robot_controller_msgs) by extensions ['colcon_meta']
[1.697s] Level 1:colcon.colcon_core.package_identification:_identify(driver/ros_robot_controller_msgs) by extension 'colcon_meta'
[1.697s] Level 1:colcon.colcon_core.package_identification:_identify(driver/ros_robot_controller_msgs) by extensions ['ros']
[1.697s] Level 1:colcon.colcon_core.package_identification:_identify(driver/ros_robot_controller_msgs) by extension 'ros'
[1.697s] DEBUG:colcon.colcon_core.package_identification:Package 'driver/ros_robot_controller_msgs' with type 'ros.ament_cmake' and name 'ros_robot_controller_msgs'
[1.697s] Level 1:colcon.colcon_core.package_identification:_identify(driver/sdk) by extensions ['ignore', 'ignore_ament_install']
[1.698s] Level 1:colcon.colcon_core.package_identification:_identify(driver/sdk) by extension 'ignore'
[1.698s] Level 1:colcon.colcon_core.package_identification:_identify(driver/sdk) by extension 'ignore_ament_install'
[1.698s] Level 1:colcon.colcon_core.package_identification:_identify(driver/sdk) by extensions ['colcon_pkg']
[1.698s] Level 1:colcon.colcon_core.package_identification:_identify(driver/sdk) by extension 'colcon_pkg'
[1.698s] Level 1:colcon.colcon_core.package_identification:_identify(driver/sdk) by extensions ['colcon_meta']
[1.698s] Level 1:colcon.colcon_core.package_identification:_identify(driver/sdk) by extension 'colcon_meta'
[1.698s] Level 1:colcon.colcon_core.package_identification:_identify(driver/sdk) by extensions ['ros']
[1.698s] Level 1:colcon.colcon_core.package_identification:_identify(driver/sdk) by extension 'ros'
[1.698s] DEBUG:colcon.colcon_core.package_identification:Package 'driver/sdk' with type 'ros.ament_python' and name 'sdk'
[1.698s] Level 1:colcon.colcon_core.package_identification:_identify(example) by extensions ['ignore', 'ignore_ament_install']
[1.698s] Level 1:colcon.colcon_core.package_identification:_identify(example) by extension 'ignore'
[1.699s] Level 1:colcon.colcon_core.package_identification:_identify(example) by extension 'ignore_ament_install'
[1.699s] Level 1:colcon.colcon_core.package_identification:_identify(example) by extensions ['colcon_pkg']
[1.699s] Level 1:colcon.colcon_core.package_identification:_identify(example) by extension 'colcon_pkg'
[1.699s] Level 1:colcon.colcon_core.package_identification:_identify(example) by extensions ['colcon_meta']
[1.699s] Level 1:colcon.colcon_core.package_identification:_identify(example) by extension 'colcon_meta'
[1.699s] Level 1:colcon.colcon_core.package_identification:_identify(example) by extensions ['ros']
[1.699s] Level 1:colcon.colcon_core.package_identification:_identify(example) by extension 'ros'
[1.699s] DEBUG:colcon.colcon_core.package_identification:Package 'example' with type 'ros.ament_python' and name 'example'
[1.699s] Level 1:colcon.colcon_core.package_identification:_identify(install) by extensions ['ignore', 'ignore_ament_install']
[1.699s] Level 1:colcon.colcon_core.package_identification:_identify(install) by extension 'ignore'
[1.699s] Level 1:colcon.colcon_core.package_identification:_identify(install) ignored
[1.699s] Level 1:colcon.colcon_core.package_identification:_identify(interfaces) by extensions ['ignore', 'ignore_ament_install']
[1.700s] Level 1:colcon.colcon_core.package_identification:_identify(interfaces) by extension 'ignore'
[1.700s] Level 1:colcon.colcon_core.package_identification:_identify(interfaces) by extension 'ignore_ament_install'
[1.700s] Level 1:colcon.colcon_core.package_identification:_identify(interfaces) by extensions ['colcon_pkg']
[1.700s] Level 1:colcon.colcon_core.package_identification:_identify(interfaces) by extension 'colcon_pkg'
[1.700s] Level 1:colcon.colcon_core.package_identification:_identify(interfaces) by extensions ['colcon_meta']
[1.700s] Level 1:colcon.colcon_core.package_identification:_identify(interfaces) by extension 'colcon_meta'
[1.700s] Level 1:colcon.colcon_core.package_identification:_identify(interfaces) by extensions ['ros']
[1.700s] Level 1:colcon.colcon_core.package_identification:_identify(interfaces) by extension 'ros'
[1.701s] DEBUG:colcon.colcon_core.package_identification:Package 'interfaces' with type 'ros.ament_cmake' and name 'interfaces'
[1.701s] Level 1:colcon.colcon_core.package_identification:_identify(log) by extensions ['ignore', 'ignore_ament_install']
[1.701s] Level 1:colcon.colcon_core.package_identification:_identify(log) by extension 'ignore'
[1.701s] Level 1:colcon.colcon_core.package_identification:_identify(log) ignored
[1.701s] Level 1:colcon.colcon_core.package_identification:_identify(multi) by extensions ['ignore', 'ignore_ament_install']
[1.701s] Level 1:colcon.colcon_core.package_identification:_identify(multi) by extension 'ignore'
[1.701s] Level 1:colcon.colcon_core.package_identification:_identify(multi) by extension 'ignore_ament_install'
[1.701s] Level 1:colcon.colcon_core.package_identification:_identify(multi) by extensions ['colcon_pkg']
[1.701s] Level 1:colcon.colcon_core.package_identification:_identify(multi) by extension 'colcon_pkg'
[1.701s] Level 1:colcon.colcon_core.package_identification:_identify(multi) by extensions ['colcon_meta']
[1.701s] Level 1:colcon.colcon_core.package_identification:_identify(multi) by extension 'colcon_meta'
[1.701s] Level 1:colcon.colcon_core.package_identification:_identify(multi) by extensions ['ros']
[1.701s] Level 1:colcon.colcon_core.package_identification:_identify(multi) by extension 'ros'
[1.702s] DEBUG:colcon.colcon_core.package_identification:Package 'multi' with type 'ros.ament_python' and name 'multi'
[1.702s] Level 1:colcon.colcon_core.package_identification:_identify(navigation) by extensions ['ignore', 'ignore_ament_install']
[1.702s] Level 1:colcon.colcon_core.package_identification:_identify(navigation) by extension 'ignore'
[1.702s] Level 1:colcon.colcon_core.package_identification:_identify(navigation) by extension 'ignore_ament_install'
[1.702s] Level 1:colcon.colcon_core.package_identification:_identify(navigation) by extensions ['colcon_pkg']
[1.702s] Level 1:colcon.colcon_core.package_identification:_identify(navigation) by extension 'colcon_pkg'
[1.702s] Level 1:colcon.colcon_core.package_identification:_identify(navigation) by extensions ['colcon_meta']
[1.702s] Level 1:colcon.colcon_core.package_identification:_identify(navigation) by extension 'colcon_meta'
[1.702s] Level 1:colcon.colcon_core.package_identification:_identify(navigation) by extensions ['ros']
[1.703s] Level 1:colcon.colcon_core.package_identification:_identify(navigation) by extension 'ros'
[1.703s] DEBUG:colcon.colcon_core.package_identification:Package 'navigation' with type 'ros.ament_python' and name 'navigation'
[1.703s] Level 1:colcon.colcon_core.package_identification:_identify(peripherals) by extensions ['ignore', 'ignore_ament_install']
[1.703s] Level 1:colcon.colcon_core.package_identification:_identify(peripherals) by extension 'ignore'
[1.704s] Level 1:colcon.colcon_core.package_identification:_identify(peripherals) by extension 'ignore_ament_install'
[1.704s] Level 1:colcon.colcon_core.package_identification:_identify(peripherals) by extensions ['colcon_pkg']
[1.704s] Level 1:colcon.colcon_core.package_identification:_identify(peripherals) by extension 'colcon_pkg'
[1.704s] Level 1:colcon.colcon_core.package_identification:_identify(peripherals) by extensions ['colcon_meta']
[1.704s] Level 1:colcon.colcon_core.package_identification:_identify(peripherals) by extension 'colcon_meta'
[1.704s] Level 1:colcon.colcon_core.package_identification:_identify(peripherals) by extensions ['ros']
[1.704s] Level 1:colcon.colcon_core.package_identification:_identify(peripherals) by extension 'ros'
[1.704s] DEBUG:colcon.colcon_core.package_identification:Package 'peripherals' with type 'ros.ament_python' and name 'peripherals'
[1.705s] Level 1:colcon.colcon_core.package_identification:_identify(simulations) by extensions ['ignore', 'ignore_ament_install']
[1.705s] Level 1:colcon.colcon_core.package_identification:_identify(simulations) by extension 'ignore'
[1.705s] Level 1:colcon.colcon_core.package_identification:_identify(simulations) by extension 'ignore_ament_install'
[1.705s] Level 1:colcon.colcon_core.package_identification:_identify(simulations) by extensions ['colcon_pkg']
[1.705s] Level 1:colcon.colcon_core.package_identification:_identify(simulations) by extension 'colcon_pkg'
[1.705s] Level 1:colcon.colcon_core.package_identification:_identify(simulations) by extensions ['colcon_meta']
[1.705s] Level 1:colcon.colcon_core.package_identification:_identify(simulations) by extension 'colcon_meta'
[1.705s] Level 1:colcon.colcon_core.package_identification:_identify(simulations) by extensions ['ros']
[1.705s] Level 1:colcon.colcon_core.package_identification:_identify(simulations) by extension 'ros'
[1.705s] Level 1:colcon.colcon_core.package_identification:_identify(simulations) by extensions ['cmake', 'python']
[1.705s] Level 1:colcon.colcon_core.package_identification:_identify(simulations) by extension 'cmake'
[1.705s] Level 1:colcon.colcon_core.package_identification:_identify(simulations) by extension 'python'
[1.705s] Level 1:colcon.colcon_core.package_identification:_identify(simulations) by extensions ['python_setup_py']
[1.705s] Level 1:colcon.colcon_core.package_identification:_identify(simulations) by extension 'python_setup_py'
[1.705s] Level 1:colcon.colcon_core.package_identification:_identify(simulations/mentorpi_description) by extensions ['ignore', 'ignore_ament_install']
[1.705s] Level 1:colcon.colcon_core.package_identification:_identify(simulations/mentorpi_description) by extension 'ignore'
[1.705s] Level 1:colcon.colcon_core.package_identification:_identify(simulations/mentorpi_description) by extension 'ignore_ament_install'
[1.705s] Level 1:colcon.colcon_core.package_identification:_identify(simulations/mentorpi_description) by extensions ['colcon_pkg']
[1.705s] Level 1:colcon.colcon_core.package_identification:_identify(simulations/mentorpi_description) by extension 'colcon_pkg'
[1.705s] Level 1:colcon.colcon_core.package_identification:_identify(simulations/mentorpi_description) by extensions ['colcon_meta']
[1.706s] Level 1:colcon.colcon_core.package_identification:_identify(simulations/mentorpi_description) by extension 'colcon_meta'
[1.706s] Level 1:colcon.colcon_core.package_identification:_identify(simulations/mentorpi_description) by extensions ['ros']
[1.706s] Level 1:colcon.colcon_core.package_identification:_identify(simulations/mentorpi_description) by extension 'ros'
[1.706s] DEBUG:colcon.colcon_core.package_identification:Package 'simulations/mentorpi_description' with type 'ros.ament_python' and name 'mentorpi_description'
[1.706s] Level 1:colcon.colcon_core.package_identification:_identify(slam) by extensions ['ignore', 'ignore_ament_install']
[1.706s] Level 1:colcon.colcon_core.package_identification:_identify(slam) by extension 'ignore'
[1.706s] Level 1:colcon.colcon_core.package_identification:_identify(slam) by extension 'ignore_ament_install'
[1.706s] Level 1:colcon.colcon_core.package_identification:_identify(slam) by extensions ['colcon_pkg']
[1.706s] Level 1:colcon.colcon_core.package_identification:_identify(slam) by extension 'colcon_pkg'
[1.707s] Level 1:colcon.colcon_core.package_identification:_identify(slam) by extensions ['colcon_meta']
[1.707s] Level 1:colcon.colcon_core.package_identification:_identify(slam) by extension 'colcon_meta'
[1.707s] Level 1:colcon.colcon_core.package_identification:_identify(slam) by extensions ['ros']
[1.707s] Level 1:colcon.colcon_core.package_identification:_identify(slam) by extension 'ros'
[1.707s] DEBUG:colcon.colcon_core.package_identification:Package 'slam' with type 'ros.ament_python' and name 'slam'
[1.707s] Level 1:colcon.colcon_core.package_identification:_identify(wilj_test) by extensions ['ignore', 'ignore_ament_install']
[1.708s] Level 1:colcon.colcon_core.package_identification:_identify(wilj_test) by extension 'ignore'
[1.708s] Level 1:colcon.colcon_core.package_identification:_identify(wilj_test) by extension 'ignore_ament_install'
[1.708s] Level 1:colcon.colcon_core.package_identification:_identify(wilj_test) by extensions ['colcon_pkg']
[1.708s] Level 1:colcon.colcon_core.package_identification:_identify(wilj_test) by extension 'colcon_pkg'
[1.708s] Level 1:colcon.colcon_core.package_identification:_identify(wilj_test) by extensions ['colcon_meta']
[1.708s] Level 1:colcon.colcon_core.package_identification:_identify(wilj_test) by extension 'colcon_meta'
[1.708s] Level 1:colcon.colcon_core.package_identification:_identify(wilj_test) by extensions ['ros']
[1.708s] Level 1:colcon.colcon_core.package_identification:_identify(wilj_test) by extension 'ros'
[1.709s] DEBUG:colcon.colcon_core.package_identification:Found ROS schema reference in package manifest in 'wilj_test'
[1.709s] WARNING:colcon.colcon_core.package_identification:Failed to parse ROS package manifest in 'wilj_test': Error(s) in package 'wilj_test/package.xml':
Invalid email "-" for person "root"
[1.710s] Level 1:colcon.colcon_core.package_identification:_identify(wilj_test) by extensions ['cmake', 'python']
[1.710s] Level 1:colcon.colcon_core.package_identification:_identify(wilj_test) by extension 'cmake'
[1.710s] Level 1:colcon.colcon_core.package_identification:_identify(wilj_test) by extension 'python'
[1.710s] DEBUG:colcon.colcon_core.package_identification:Python package in 'wilj_test' passes arguments to the setup() function which requires a different identification extension than 'python'
[1.710s] Level 1:colcon.colcon_core.package_identification:_identify(wilj_test) by extensions ['python_setup_py']
[1.710s] Level 1:colcon.colcon_core.package_identification:_identify(wilj_test) by extension 'python_setup_py'
[2.103s] DEBUG:colcon.colcon_core.package_identification:Package 'wilj_test' with type 'python' and name 'wilj_test'
[2.103s] Level 1:colcon.colcon_core.package_identification:_identify(yolov5_ros2) by extensions ['ignore', 'ignore_ament_install']
[2.103s] Level 1:colcon.colcon_core.package_identification:_identify(yolov5_ros2) by extension 'ignore'
[2.103s] Level 1:colcon.colcon_core.package_identification:_identify(yolov5_ros2) by extension 'ignore_ament_install'
[2.103s] Level 1:colcon.colcon_core.package_identification:_identify(yolov5_ros2) by extensions ['colcon_pkg']
[2.103s] Level 1:colcon.colcon_core.package_identification:_identify(yolov5_ros2) by extension 'colcon_pkg'
[2.103s] Level 1:colcon.colcon_core.package_identification:_identify(yolov5_ros2) by extensions ['colcon_meta']
[2.103s] Level 1:colcon.colcon_core.package_identification:_identify(yolov5_ros2) by extension 'colcon_meta'
[2.103s] Level 1:colcon.colcon_core.package_identification:_identify(yolov5_ros2) by extensions ['ros']
[2.103s] Level 1:colcon.colcon_core.package_identification:_identify(yolov5_ros2) by extension 'ros'
[2.104s] DEBUG:colcon.colcon_core.package_identification:Package 'yolov5_ros2' with type 'ros.ament_python' and name 'yolov5_ros2'
[2.105s] Level 1:colcon.colcon_core.package_discovery:discover_packages(recursive) using defaults
[2.105s] Level 1:colcon.colcon_core.package_discovery:discover_packages(ignore) discover
[2.105s] Level 1:colcon.colcon_core.package_discovery:discover_packages(ignore) using defaults
[2.105s] Level 1:colcon.colcon_core.package_discovery:discover_packages(path) discover
[2.105s] Level 1:colcon.colcon_core.package_discovery:discover_packages(path) using defaults
[2.190s] INFO:colcon.colcon_core.package_selection:Skipping not selected package 'app' in 'app'
[2.190s] INFO:colcon.colcon_core.package_selection:Skipping not selected package 'bringup' in 'bringup'
[2.190s] INFO:colcon.colcon_core.package_selection:Skipping not selected package 'calibration' in 'calibration'
[2.190s] INFO:colcon.colcon_core.package_selection:Skipping not selected package 'controller' in 'driver/controller'
[2.190s] INFO:colcon.colcon_core.package_selection:Skipping not selected package 'example' in 'example'
[2.190s] INFO:colcon.colcon_core.package_selection:Skipping not selected package 'interfaces' in 'interfaces'
[2.190s] INFO:colcon.colcon_core.package_selection:Skipping not selected package 'mentorpi_description' in 'simulations/mentorpi_description'
[2.190s] INFO:colcon.colcon_core.package_selection:Skipping not selected package 'multi' in 'multi'
[2.190s] INFO:colcon.colcon_core.package_selection:Skipping not selected package 'navigation' in 'navigation'
[2.190s] INFO:colcon.colcon_core.package_selection:Skipping not selected package 'peripherals' in 'peripherals'
[2.190s] INFO:colcon.colcon_core.package_selection:Skipping not selected package 'ros_robot_controller' in 'driver/ros_robot_controller'
[2.190s] INFO:colcon.colcon_core.package_selection:Skipping not selected package 'ros_robot_controller_msgs' in 'driver/ros_robot_controller_msgs'
[2.190s] INFO:colcon.colcon_core.package_selection:Skipping not selected package 'sdk' in 'driver/sdk'
[2.190s] INFO:colcon.colcon_core.package_selection:Skipping not selected package 'slam' in 'slam'
[2.190s] INFO:colcon.colcon_core.package_selection:Skipping not selected package 'yolov5_ros2' in 'yolov5_ros2'
[2.209s] Level 5:colcon.colcon_core.verb:set package 'wilj_test' build argument 'cmake_args' from command line to 'None'
[2.209s] Level 5:colcon.colcon_core.verb:set package 'wilj_test' build argument 'cmake_target' from command line to 'None'
[2.209s] Level 5:colcon.colcon_core.verb:set package 'wilj_test' build argument 'cmake_target_skip_unavailable' from command line to 'False'
[2.209s] Level 5:colcon.colcon_core.verb:set package 'wilj_test' build argument 'cmake_clean_cache' from command line to 'False'
[2.209s] Level 5:colcon.colcon_core.verb:set package 'wilj_test' build argument 'cmake_clean_first' from command line to 'False'
[2.210s] Level 5:colcon.colcon_core.verb:set package 'wilj_test' build argument 'cmake_force_configure' from command line to 'False'
[2.210s] Level 5:colcon.colcon_core.verb:set package 'wilj_test' build argument 'ament_cmake_args' from command line to 'None'
[2.210s] Level 5:colcon.colcon_core.verb:set package 'wilj_test' build argument 'catkin_cmake_args' from command line to 'None'
[2.210s] Level 5:colcon.colcon_core.verb:set package 'wilj_test' build argument 'catkin_skip_building_tests' from command line to 'False'
[2.210s] DEBUG:colcon.colcon_core.verb:Building package 'wilj_test' with the following arguments: {'ament_cmake_args': None, 'build_base': '/home/ubuntu/ros2_ws/src/build/wilj_test', 'catkin_cmake_args': None, 'catkin_skip_building_tests': False, 'cmake_args': None, 'cmake_clean_cache': False, 'cmake_clean_first': False, 'cmake_force_configure': False, 'cmake_target': None, 'cmake_target_skip_unavailable': False, 'install_base': '/home/ubuntu/ros2_ws/src/install/wilj_test', 'merge_install': False, 'path': '/home/ubuntu/ros2_ws/src/wilj_test', 'symlink_install': True, 'test_result_base': None}
[2.229s] INFO:colcon.colcon_core.executor:Executing jobs using 'parallel' executor
[2.250s] DEBUG:colcon.colcon_parallel_executor.executor.parallel:run_until_complete
[2.250s] INFO:colcon.colcon_core.task.python.build:Building Python package in '/home/ubuntu/ros2_ws/src/wilj_test'
[2.272s] INFO:colcon.colcon_core.plugin_system:Skipping extension 'colcon_core.shell.bat': Not used on non-Windows systems
[2.272s] INFO:colcon.colcon_core.shell:Skip shell extension 'powershell' for command environment: Not usable outside of PowerShell
[2.272s] DEBUG:colcon.colcon_core.shell:Skip shell extension 'dsv' for command environment
[3.348s] DEBUG:colcon.colcon_core.event_handler.log_command:Invoking command in '/home/ubuntu/ros2_ws/src/build/wilj_test': PYTHONPATH=/home/ubuntu/ros2_ws/src/build/wilj_test/prefix_override:/home/ubuntu/ros2_ws/src/install/wilj_test/lib/python3.10/site-packages:${PYTHONPATH} /usr/bin/python3 setup.py develop --editable --build-directory /home/ubuntu/ros2_ws/src/build/wilj_test/build --no-deps install_data
[4.039s] Level 1:colcon.colcon_core.shell:create_environment_hook('wilj_test', 'pythonpath_develop')
[4.040s] DEBUG:colcon.colcon_core.event_handler.log_command:Invoked command in '/home/ubuntu/ros2_ws/src/build/wilj_test' returned '0': PYTHONPATH=/home/ubuntu/ros2_ws/src/build/wilj_test/prefix_override:/home/ubuntu/ros2_ws/src/install/wilj_test/lib/python3.10/site-packages:${PYTHONPATH} /usr/bin/python3 setup.py develop --editable --build-directory /home/ubuntu/ros2_ws/src/build/wilj_test/build --no-deps install_data
[4.057s] INFO:colcon.colcon_core.shell:Creating environment hook '/home/ubuntu/ros2_ws/src/build/wilj_test/share/wilj_test/hook/pythonpath_develop.ps1'
[4.058s] INFO:colcon.colcon_core.shell:Creating environment descriptor '/home/ubuntu/ros2_ws/src/build/wilj_test/share/wilj_test/hook/pythonpath_develop.dsv'
[4.065s] INFO:colcon.colcon_core.shell:Creating environment hook '/home/ubuntu/ros2_ws/src/build/wilj_test/share/wilj_test/hook/pythonpath_develop.sh'
[4.087s] Level 1:colcon.colcon_core.environment:checking '/home/ubuntu/ros2_ws/src/install/wilj_test' for CMake module files
[4.087s] Level 1:colcon.colcon_core.environment:checking '/home/ubuntu/ros2_ws/src/install/wilj_test' for CMake config files
[4.088s] Level 1:colcon.colcon_core.environment:checking '/home/ubuntu/ros2_ws/src/install/wilj_test/lib'
[4.088s] Level 1:colcon.colcon_core.environment:checking '/home/ubuntu/ros2_ws/src/install/wilj_test/bin'
[4.088s] Level 1:colcon.colcon_core.environment:checking '/home/ubuntu/ros2_ws/src/install/wilj_test/lib/pkgconfig/wilj_test.pc'
[4.089s] Level 1:colcon.colcon_core.environment:checking '/home/ubuntu/ros2_ws/src/install/wilj_test/lib/python3.10/site-packages'
[4.089s] Level 1:colcon.colcon_core.shell:create_environment_hook('wilj_test', 'pythonpath')
[4.108s] INFO:colcon.colcon_core.shell:Creating environment hook '/home/ubuntu/ros2_ws/src/install/wilj_test/share/wilj_test/hook/pythonpath.ps1'
[4.109s] INFO:colcon.colcon_core.shell:Creating environment descriptor '/home/ubuntu/ros2_ws/src/install/wilj_test/share/wilj_test/hook/pythonpath.dsv'
[4.115s] INFO:colcon.colcon_core.shell:Creating environment hook '/home/ubuntu/ros2_ws/src/install/wilj_test/share/wilj_test/hook/pythonpath.sh'
[4.116s] Level 1:colcon.colcon_core.environment:checking '/home/ubuntu/ros2_ws/src/install/wilj_test/bin'
[4.116s] Level 1:colcon.colcon_core.environment:create_environment_scripts_only(wilj_test)
[4.134s] INFO:colcon.colcon_core.shell:Creating package script '/home/ubuntu/ros2_ws/src/install/wilj_test/share/wilj_test/package.ps1'
[4.136s] INFO:colcon.colcon_core.shell:Creating package descriptor '/home/ubuntu/ros2_ws/src/install/wilj_test/share/wilj_test/package.dsv'
[4.142s] INFO:colcon.colcon_core.shell:Creating package script '/home/ubuntu/ros2_ws/src/install/wilj_test/share/wilj_test/package.sh'
[4.143s] INFO:colcon.colcon_core.shell:Creating package script '/home/ubuntu/ros2_ws/src/install/wilj_test/share/wilj_test/package.bash'
[4.144s] INFO:colcon.colcon_core.shell:Creating package script '/home/ubuntu/ros2_ws/src/install/wilj_test/share/wilj_test/package.zsh'
[4.148s] Level 1:colcon.colcon_core.environment:create_file_with_runtime_dependencies(/home/ubuntu/ros2_ws/src/install/wilj_test/share/colcon-core/packages/wilj_test)
[4.149s] DEBUG:colcon.colcon_parallel_executor.executor.parallel:closing loop
[4.149s] DEBUG:colcon.colcon_parallel_executor.executor.parallel:loop closed
[4.149s] DEBUG:colcon.colcon_parallel_executor.executor.parallel:run_until_complete finished with '0'
[4.150s] DEBUG:colcon.colcon_core.event_reactor:joining thread
[4.176s] INFO:colcon.colcon_core.plugin_system:Skipping extension 'colcon_notification.desktop_notification.notify_send': Could not find 'notify-send'
[4.176s] INFO:colcon.colcon_core.plugin_system:Skipping extension 'colcon_notification.desktop_notification.terminal_notifier': Not used on non-Darwin systems
[4.176s] INFO:colcon.colcon_core.plugin_system:Skipping extension 'colcon_notification.desktop_notification.win32': Not used on non-Windows systems
[4.176s] INFO:colcon.colcon_notification.desktop_notification:Sending desktop notification using 'notify2'
[4.181s] DEBUG:colcon.colcon_notification.desktop_notification.notify2:Failed to initialize notify2: org.freedesktop.DBus.Error.ServiceUnknown: The name org.freedesktop.Notifications was not provided by any .service files
[4.182s] DEBUG:colcon.colcon_core.event_reactor:joined thread
[4.200s] INFO:colcon.colcon_core.shell:Creating prefix script '/home/ubuntu/ros2_ws/src/install/local_setup.ps1'
[4.201s] INFO:colcon.colcon_core.shell:Creating prefix util module '/home/ubuntu/ros2_ws/src/install/_local_setup_util_ps1.py'
[4.208s] INFO:colcon.colcon_core.shell:Creating prefix chain script '/home/ubuntu/ros2_ws/src/install/setup.ps1'
[4.228s] INFO:colcon.colcon_core.shell:Creating prefix script '/home/ubuntu/ros2_ws/src/install/local_setup.sh'
[4.234s] INFO:colcon.colcon_core.shell:Creating prefix util module '/home/ubuntu/ros2_ws/src/install/_local_setup_util_sh.py'
[4.236s] INFO:colcon.colcon_core.shell:Creating prefix chain script '/home/ubuntu/ros2_ws/src/install/setup.sh'
[4.257s] INFO:colcon.colcon_core.shell:Creating prefix script '/home/ubuntu/ros2_ws/src/install/local_setup.bash'
[4.263s] INFO:colcon.colcon_core.shell:Creating prefix chain script '/home/ubuntu/ros2_ws/src/install/setup.bash'
[4.284s] INFO:colcon.colcon_core.shell:Creating prefix script '/home/ubuntu/ros2_ws/src/install/local_setup.zsh'
[4.291s] INFO:colcon.colcon_core.shell:Creating prefix chain script '/home/ubuntu/ros2_ws/src/install/setup.zsh'
