[0.000000] (-) TimerEvent: {}
[0.000229] (-) JobUnselected: {'identifier': 'app'}
[0.000269] (-) JobUnselected: {'identifier': 'bringup'}
[0.000291] (-) JobUnselected: {'identifier': 'calibration'}
[0.000310] (-) JobUnselected: {'identifier': 'controller'}
[0.000329] (-) JobUnselected: {'identifier': 'example'}
[0.000362] (-) JobUnselected: {'identifier': 'interfaces'}
[0.000382] (-) JobUnselected: {'identifier': 'mentorpi_description'}
[0.000400] (-) JobUnselected: {'identifier': 'multi'}
[0.000419] (-) JobUnselected: {'identifier': 'navigation'}
[0.000438] (-) JobUnselected: {'identifier': 'peripherals'}
[0.000457] (-) JobUnselected: {'identifier': 'ros_robot_controller'}
[0.000475] (-) JobUnselected: {'identifier': 'ros_robot_controller_msgs'}
[0.000494] (-) JobUnselected: {'identifier': 'sdk'}
[0.000512] (-) JobUnselected: {'identifier': 'slam'}
[0.000531] (-) JobUnselected: {'identifier': 'yolov5_ros2'}
[0.000555] (wilj_test) JobQueued: {'identifier': 'wilj_test', 'dependencies': OrderedDict()}
[0.000580] (wilj_test) JobStarted: {'identifier': 'wilj_test'}
[0.098724] (-) TimerEvent: {}
[0.200780] (-) TimerEvent: {}
[0.303408] (-) TimerEvent: {}
[0.404435] (-) TimerEvent: {}
[0.504887] (-) TimerEvent: {}
[0.605592] (-) TimerEvent: {}
[0.706066] (-) TimerEvent: {}
[0.806550] (-) TimerEvent: {}
[0.907029] (-) TimerEvent: {}
[1.007540] (-) TimerEvent: {}
[1.108239] (-) TimerEvent: {}
[1.157427] (wilj_test) Command: {'cmd': ['/usr/bin/python3', 'setup.py', 'develop', '--uninstall', '--editable', '--build-directory', '/home/ubuntu/ros2_ws/src/build/wilj_test/build'], 'cwd': '/home/ubuntu/ros2_ws/src/build/wilj_test', 'env': {'HOSTNAME': 'raspberrypi', 'GIT_ASKPASS': '/root/.vscode-server/bin/cd4ee3b1c348a13bafd8f9ad8060705f6d4b9cba/extensions/git/dist/askpass.sh', 'ROS_PACKAGE_PATH': '/home/ubuntu/third_party_ros2/third_party_ws/install/async_web_server_cpp/share', 'SHLVL': '2', 'BROWSER': '/root/.vscode-server/bin/cd4ee3b1c348a13bafd8f9ad8060705f6d4b9cba/bin/helpers/browser.sh', 'LD_LIBRARY_PATH': '/home/ubuntu/ros2_ws/install/ros_robot_controller_msgs/lib:/home/ubuntu/ros2_ws/install/interfaces/lib:/home/ubuntu/third_party_ros2/third_party_ws/install/teb_local_planner/lib:/home/ubuntu/third_party_ros2/third_party_ws/install/teb_msgs/lib:/home/ubuntu/third_party_ros2/third_party_ws/install/laser_filters/lib:/home/ubuntu/third_party_ros2/third_party_ws/install/costmap_converter/lib:/home/ubuntu/third_party_ros2/third_party_ws/install/costmap_converter_msgs/lib:/home/ubuntu/third_party_ros2/third_party_ws/install/async_web_server_cpp/lib:/home/ubuntu/third_party_ros2/third_party_ws/install/apriltag_ros/lib:/home/ubuntu/third_party_ros2/third_party_ws/install/apriltag_msgs/lib:/opt/ros/humble/opt/rviz_ogre_vendor/lib:/opt/ros/humble/lib/aarch64-linux-gnu:/opt/ros/humble/lib', 'HOME': '/root', 'OLDPWD': '/home/ubuntu/ros2_ws/src/wilj_test', 'TERM_PROGRAM_VERSION': '1.96.4', 'VSCODE_IPC_HOOK_CLI': '/tmp/vscode-ipc-7a7c7f46-4788-4e21-a26b-6573c2c97cae.sock', 'VSCODE_GIT_ASKPASS_MAIN': '/root/.vscode-server/bin/cd4ee3b1c348a13bafd8f9ad8060705f6d4b9cba/extensions/git/dist/askpass-main.js', 'ROS_PYTHON_VERSION': '3', 'VSCODE_GIT_ASKPASS_NODE': '/root/.vscode-server/bin/cd4ee3b1c348a13bafd8f9ad8060705f6d4b9cba/node', 'LC_CTYPE': 'C.UTF-8', 'REMOTE_CONTAINERS': 'true', 'COLORTERM': 'truecolor', 'ROS_DISTRO': 'humble', 'COLCON_PREFIX_PATH': '/home/ubuntu/ros2_ws/install:/home/ubuntu/third_party_ros2/third_party_ws/install', 'REMOTE_CONTAINERS_IPC': '/tmp/vscode-remote-containers-ipc-58958680-9220-4e7a-9436-e63e59f34f4c.sock', 'LOGNAME': 'root', '_': '/usr/bin/colcon', 'USER_ZDOTDIR': '/root', 'ROS_VERSION': '2', 'PKG_CONFIG_PATH': '/home/ubuntu/third_party_ros2/third_party_ws/install/async_web_server_cpp/lib/aarch64-linux-gnu/pkgconfig:/home/ubuntu/third_party_ros2/third_party_ws/install/async_web_server_cpp/lib/pkgconfig', 'TERM': 'xterm-256color', 'ROS_LOCALHOST_ONLY': '0', 'PATH': '/home/ubuntu/third_party_ros2/third_party_ws/install/costmap_converter/bin:/opt/ros/humble/bin:/root/.vscode-server/bin/cd4ee3b1c348a13bafd8f9ad8060705f6d4b9cba/bin/remote-cli:/usr/local/sbin:/usr/local/bin:/usr/sbin:/usr/bin:/sbin:/bin', 'DISPLAY': ':0', 'REMOTE_CONTAINERS_SOCKETS': '["/root/.gnupg/S.gpg-agent"]', 'LANG': 'en_US.UTF-8', 'VSCODE_INJECTION': '1', 'TERM_PROGRAM': 'vscode', 'VSCODE_GIT_IPC_HANDLE': '/tmp/vscode-git-4ad13eef53.sock', 'AMENT_PREFIX_PATH': '/home/ubuntu/ros2_ws/install/yolov5_ros2:/home/ubuntu/ros2_ws/install/slam:/home/ubuntu/ros2_ws/install/sdk:/home/ubuntu/ros2_ws/install/ros_robot_controller_msgs:/home/ubuntu/ros2_ws/install/ros_robot_controller:/home/ubuntu/ros2_ws/install/peripherals:/home/ubuntu/ros2_ws/install/navigation:/home/ubuntu/ros2_ws/install/multi:/home/ubuntu/ros2_ws/install/mentorpi_description:/home/ubuntu/ros2_ws/install/interfaces:/home/ubuntu/ros2_ws/install/example:/home/ubuntu/ros2_ws/install/controller:/home/ubuntu/ros2_ws/install/calibration:/home/ubuntu/ros2_ws/install/bringup:/home/ubuntu/ros2_ws/install/app:/home/ubuntu/third_party_ros2/third_party_ws/install/ydlidar_ros2_driver:/home/ubuntu/third_party_ros2/third_party_ws/install/web_video_server:/home/ubuntu/third_party_ros2/third_party_ws/install/teb_local_planner:/home/ubuntu/third_party_ros2/third_party_ws/install/teb_msgs:/home/ubuntu/third_party_ros2/third_party_ws/install/sllidar_ros2:/home/ubuntu/third_party_ros2/third_party_ws/install/rf2o_laser_odometry:/home/ubuntu/third_party_ros2/third_party_ws/install/ldlidar_stl_ros2:/home/ubuntu/third_party_ros2/third_party_ws/install/laser_filters:/home/ubuntu/third_party_ros2/third_party_ws/install/imu_calib:/home/ubuntu/third_party_ros2/third_party_ws/install/costmap_converter:/home/ubuntu/third_party_ros2/third_party_ws/install/costmap_converter_msgs:/home/ubuntu/third_party_ros2/third_party_ws/install/ascamera:/home/ubuntu/third_party_ros2/third_party_ws/install/apriltag_ros:/home/ubuntu/third_party_ros2/third_party_ws/install/apriltag_msgs:/opt/ros/humble', 'SHELL': '/usr/bin/zsh', 'VSCODE_GIT_ASKPASS_EXTRA_ARGS': '', 'PWD': '/home/ubuntu/ros2_ws/src/build/wilj_test', 'ZDOTDIR': '/root', 'PYTHONPATH': '/home/ubuntu/ros2_ws/src/build/wilj_test/prefix_override:/home/ubuntu/ros2_ws/src/install/wilj_test/lib/python3.10/site-packages:/home/ubuntu/ros2_ws/build/yolov5_ros2:/home/ubuntu/ros2_ws/install/yolov5_ros2/lib/python3.10/site-packages:/home/ubuntu/ros2_ws/build/slam:/home/ubuntu/ros2_ws/install/slam/lib/python3.10/site-packages:/home/ubuntu/ros2_ws/build/sdk:/home/ubuntu/ros2_ws/install/sdk/lib/python3.10/site-packages:/home/ubuntu/ros2_ws/install/ros_robot_controller_msgs/local/lib/python3.10/dist-packages:/home/ubuntu/ros2_ws/build/ros_robot_controller:/home/ubuntu/ros2_ws/install/ros_robot_controller/lib/python3.10/site-packages:/home/ubuntu/ros2_ws/build/peripherals:/home/ubuntu/ros2_ws/install/peripherals/lib/python3.10/site-packages:/home/ubuntu/ros2_ws/build/navigation:/home/ubuntu/ros2_ws/install/navigation/lib/python3.10/site-packages:/home/ubuntu/ros2_ws/build/multi:/home/ubuntu/ros2_ws/install/multi/lib/python3.10/site-packages:/home/ubuntu/ros2_ws/build/mentorpi_description:/home/ubuntu/ros2_ws/install/mentorpi_description/lib/python3.10/site-packages:/home/ubuntu/ros2_ws/install/interfaces/local/lib/python3.10/dist-packages:/home/ubuntu/ros2_ws/build/example:/home/ubuntu/ros2_ws/install/example/lib/python3.10/site-packages:/home/ubuntu/ros2_ws/build/controller:/home/ubuntu/ros2_ws/install/controller/lib/python3.10/site-packages:/home/ubuntu/ros2_ws/build/calibration:/home/ubuntu/ros2_ws/install/calibration/lib/python3.10/site-packages:/home/ubuntu/ros2_ws/build/bringup:/home/ubuntu/ros2_ws/install/bringup/lib/python3.10/site-packages:/home/ubuntu/ros2_ws/build/app:/home/ubuntu/ros2_ws/install/app/lib/python3.10/site-packages:/home/ubuntu/third_party_ros2/third_party_ws/install/teb_msgs/local/lib/python3.10/dist-packages:/home/ubuntu/third_party_ros2/third_party_ws/install/costmap_converter_msgs/local/lib/python3.10/dist-packages:/home/ubuntu/third_party_ros2/third_party_ws/install/apriltag_msgs/local/lib/python3.10/dist-packages:/opt/ros/humble/lib/python3.10/site-packages:/opt/ros/humble/local/lib/python3.10/dist-packages', 'COLCON': '1', 'CMAKE_PREFIX_PATH': '/home/ubuntu/ros2_ws/install/ros_robot_controller_msgs:/home/ubuntu/ros2_ws/install/interfaces:/home/ubuntu/third_party_ros2/third_party_ws/install/ydlidar_ros2_driver:/home/ubuntu/third_party_ros2/third_party_ws/install/web_video_server:/home/ubuntu/third_party_ros2/third_party_ws/install/teb_local_planner:/home/ubuntu/third_party_ros2/third_party_ws/install/teb_msgs:/home/ubuntu/third_party_ros2/third_party_ws/install/sllidar_ros2:/home/ubuntu/third_party_ros2/third_party_ws/install/rf2o_laser_odometry:/home/ubuntu/third_party_ros2/third_party_ws/install/ldlidar_stl_ros2:/home/ubuntu/third_party_ros2/third_party_ws/install/laser_filters:/home/ubuntu/third_party_ros2/third_party_ws/install/imu_calib:/home/ubuntu/third_party_ros2/third_party_ws/install/costmap_converter:/home/ubuntu/third_party_ros2/third_party_ws/install/costmap_converter_msgs:/home/ubuntu/third_party_ros2/third_party_ws/install/async_web_server_cpp:/home/ubuntu/third_party_ros2/third_party_ws/install/ascamera:/home/ubuntu/third_party_ros2/third_party_ws/install/apriltag_ros:/home/ubuntu/third_party_ros2/third_party_ws/install/apriltag_msgs'}, 'shell': False}
[1.208320] (-) TimerEvent: {}
[1.308685] (-) TimerEvent: {}
[1.409051] (-) TimerEvent: {}
[1.509447] (-) TimerEvent: {}
[1.553991] (wilj_test) StdoutLine: {'line': b'running develop\n'}
[1.554460] (wilj_test) StderrLine: {'line': b'/usr/lib/python3/dist-packages/setuptools/command/easy_install.py:158: EasyInstallDeprecationWarning: easy_install command is deprecated. Use build and pip and other standards-based tools.\n'}
[1.554627] (wilj_test) StderrLine: {'line': b'  warnings.warn(\n'}
[1.556510] (wilj_test) StderrLine: {'line': b'/usr/lib/python3/dist-packages/setuptools/command/install.py:34: SetuptoolsDeprecationWarning: setup.py install is deprecated. Use build and pip and other standards-based tools.\n'}
[1.556630] (wilj_test) StderrLine: {'line': b'  warnings.warn(\n'}
[1.609524] (-) TimerEvent: {}
[1.709889] (-) TimerEvent: {}
[1.773121] (wilj_test) StdoutLine: {'line': b'Removing /home/ubuntu/ros2_ws/src/install/wilj_test/lib/python3.10/site-packages/wilj-test.egg-link (link to .)\n'}
[1.810017] (-) TimerEvent: {}
[1.849448] (wilj_test) CommandEnded: {'returncode': 0}
[1.850769] (wilj_test) Command: {'cmd': ['/usr/bin/python3', 'setup.py', 'egg_info', '--egg-base', '../build/wilj_test', 'build', '--build-base', '/home/ubuntu/ros2_ws/src/build/wilj_test/build', 'install', '--record', '/home/ubuntu/ros2_ws/src/build/wilj_test/install.log', '--single-version-externally-managed'], 'cwd': '/home/ubuntu/ros2_ws/src/wilj_test', 'env': {'HOSTNAME': 'raspberrypi', 'GIT_ASKPASS': '/root/.vscode-server/bin/cd4ee3b1c348a13bafd8f9ad8060705f6d4b9cba/extensions/git/dist/askpass.sh', 'ROS_PACKAGE_PATH': '/home/ubuntu/third_party_ros2/third_party_ws/install/async_web_server_cpp/share', 'SHLVL': '2', 'BROWSER': '/root/.vscode-server/bin/cd4ee3b1c348a13bafd8f9ad8060705f6d4b9cba/bin/helpers/browser.sh', 'LD_LIBRARY_PATH': '/home/ubuntu/ros2_ws/install/ros_robot_controller_msgs/lib:/home/ubuntu/ros2_ws/install/interfaces/lib:/home/ubuntu/third_party_ros2/third_party_ws/install/teb_local_planner/lib:/home/ubuntu/third_party_ros2/third_party_ws/install/teb_msgs/lib:/home/ubuntu/third_party_ros2/third_party_ws/install/laser_filters/lib:/home/ubuntu/third_party_ros2/third_party_ws/install/costmap_converter/lib:/home/ubuntu/third_party_ros2/third_party_ws/install/costmap_converter_msgs/lib:/home/ubuntu/third_party_ros2/third_party_ws/install/async_web_server_cpp/lib:/home/ubuntu/third_party_ros2/third_party_ws/install/apriltag_ros/lib:/home/ubuntu/third_party_ros2/third_party_ws/install/apriltag_msgs/lib:/opt/ros/humble/opt/rviz_ogre_vendor/lib:/opt/ros/humble/lib/aarch64-linux-gnu:/opt/ros/humble/lib', 'HOME': '/root', 'OLDPWD': '/home/ubuntu/ros2_ws/src/wilj_test', 'TERM_PROGRAM_VERSION': '1.96.4', 'VSCODE_IPC_HOOK_CLI': '/tmp/vscode-ipc-7a7c7f46-4788-4e21-a26b-6573c2c97cae.sock', 'VSCODE_GIT_ASKPASS_MAIN': '/root/.vscode-server/bin/cd4ee3b1c348a13bafd8f9ad8060705f6d4b9cba/extensions/git/dist/askpass-main.js', 'ROS_PYTHON_VERSION': '3', 'VSCODE_GIT_ASKPASS_NODE': '/root/.vscode-server/bin/cd4ee3b1c348a13bafd8f9ad8060705f6d4b9cba/node', 'LC_CTYPE': 'C.UTF-8', 'REMOTE_CONTAINERS': 'true', 'COLORTERM': 'truecolor', 'ROS_DISTRO': 'humble', 'COLCON_PREFIX_PATH': '/home/ubuntu/ros2_ws/install:/home/ubuntu/third_party_ros2/third_party_ws/install', 'REMOTE_CONTAINERS_IPC': '/tmp/vscode-remote-containers-ipc-58958680-9220-4e7a-9436-e63e59f34f4c.sock', 'LOGNAME': 'root', '_': '/usr/bin/colcon', 'USER_ZDOTDIR': '/root', 'ROS_VERSION': '2', 'PKG_CONFIG_PATH': '/home/ubuntu/third_party_ros2/third_party_ws/install/async_web_server_cpp/lib/aarch64-linux-gnu/pkgconfig:/home/ubuntu/third_party_ros2/third_party_ws/install/async_web_server_cpp/lib/pkgconfig', 'TERM': 'xterm-256color', 'ROS_LOCALHOST_ONLY': '0', 'PATH': '/home/ubuntu/third_party_ros2/third_party_ws/install/costmap_converter/bin:/opt/ros/humble/bin:/root/.vscode-server/bin/cd4ee3b1c348a13bafd8f9ad8060705f6d4b9cba/bin/remote-cli:/usr/local/sbin:/usr/local/bin:/usr/sbin:/usr/bin:/sbin:/bin', 'DISPLAY': ':0', 'REMOTE_CONTAINERS_SOCKETS': '["/root/.gnupg/S.gpg-agent"]', 'LANG': 'en_US.UTF-8', 'VSCODE_INJECTION': '1', 'TERM_PROGRAM': 'vscode', 'VSCODE_GIT_IPC_HANDLE': '/tmp/vscode-git-4ad13eef53.sock', 'AMENT_PREFIX_PATH': '/home/ubuntu/ros2_ws/install/yolov5_ros2:/home/ubuntu/ros2_ws/install/slam:/home/ubuntu/ros2_ws/install/sdk:/home/ubuntu/ros2_ws/install/ros_robot_controller_msgs:/home/ubuntu/ros2_ws/install/ros_robot_controller:/home/ubuntu/ros2_ws/install/peripherals:/home/ubuntu/ros2_ws/install/navigation:/home/ubuntu/ros2_ws/install/multi:/home/ubuntu/ros2_ws/install/mentorpi_description:/home/ubuntu/ros2_ws/install/interfaces:/home/ubuntu/ros2_ws/install/example:/home/ubuntu/ros2_ws/install/controller:/home/ubuntu/ros2_ws/install/calibration:/home/ubuntu/ros2_ws/install/bringup:/home/ubuntu/ros2_ws/install/app:/home/ubuntu/third_party_ros2/third_party_ws/install/ydlidar_ros2_driver:/home/ubuntu/third_party_ros2/third_party_ws/install/web_video_server:/home/ubuntu/third_party_ros2/third_party_ws/install/teb_local_planner:/home/ubuntu/third_party_ros2/third_party_ws/install/teb_msgs:/home/ubuntu/third_party_ros2/third_party_ws/install/sllidar_ros2:/home/ubuntu/third_party_ros2/third_party_ws/install/rf2o_laser_odometry:/home/ubuntu/third_party_ros2/third_party_ws/install/ldlidar_stl_ros2:/home/ubuntu/third_party_ros2/third_party_ws/install/laser_filters:/home/ubuntu/third_party_ros2/third_party_ws/install/imu_calib:/home/ubuntu/third_party_ros2/third_party_ws/install/costmap_converter:/home/ubuntu/third_party_ros2/third_party_ws/install/costmap_converter_msgs:/home/ubuntu/third_party_ros2/third_party_ws/install/ascamera:/home/ubuntu/third_party_ros2/third_party_ws/install/apriltag_ros:/home/ubuntu/third_party_ros2/third_party_ws/install/apriltag_msgs:/opt/ros/humble', 'SHELL': '/usr/bin/zsh', 'VSCODE_GIT_ASKPASS_EXTRA_ARGS': '', 'PWD': '/home/ubuntu/ros2_ws/src/build/wilj_test', 'ZDOTDIR': '/root', 'PYTHONPATH': '/home/ubuntu/ros2_ws/src/build/wilj_test/prefix_override:/home/ubuntu/ros2_ws/src/install/wilj_test/lib/python3.10/site-packages:/home/ubuntu/ros2_ws/build/yolov5_ros2:/home/ubuntu/ros2_ws/install/yolov5_ros2/lib/python3.10/site-packages:/home/ubuntu/ros2_ws/build/slam:/home/ubuntu/ros2_ws/install/slam/lib/python3.10/site-packages:/home/ubuntu/ros2_ws/build/sdk:/home/ubuntu/ros2_ws/install/sdk/lib/python3.10/site-packages:/home/ubuntu/ros2_ws/install/ros_robot_controller_msgs/local/lib/python3.10/dist-packages:/home/ubuntu/ros2_ws/build/ros_robot_controller:/home/ubuntu/ros2_ws/install/ros_robot_controller/lib/python3.10/site-packages:/home/ubuntu/ros2_ws/build/peripherals:/home/ubuntu/ros2_ws/install/peripherals/lib/python3.10/site-packages:/home/ubuntu/ros2_ws/build/navigation:/home/ubuntu/ros2_ws/install/navigation/lib/python3.10/site-packages:/home/ubuntu/ros2_ws/build/multi:/home/ubuntu/ros2_ws/install/multi/lib/python3.10/site-packages:/home/ubuntu/ros2_ws/build/mentorpi_description:/home/ubuntu/ros2_ws/install/mentorpi_description/lib/python3.10/site-packages:/home/ubuntu/ros2_ws/install/interfaces/local/lib/python3.10/dist-packages:/home/ubuntu/ros2_ws/build/example:/home/ubuntu/ros2_ws/install/example/lib/python3.10/site-packages:/home/ubuntu/ros2_ws/build/controller:/home/ubuntu/ros2_ws/install/controller/lib/python3.10/site-packages:/home/ubuntu/ros2_ws/build/calibration:/home/ubuntu/ros2_ws/install/calibration/lib/python3.10/site-packages:/home/ubuntu/ros2_ws/build/bringup:/home/ubuntu/ros2_ws/install/bringup/lib/python3.10/site-packages:/home/ubuntu/ros2_ws/build/app:/home/ubuntu/ros2_ws/install/app/lib/python3.10/site-packages:/home/ubuntu/third_party_ros2/third_party_ws/install/teb_msgs/local/lib/python3.10/dist-packages:/home/ubuntu/third_party_ros2/third_party_ws/install/costmap_converter_msgs/local/lib/python3.10/dist-packages:/home/ubuntu/third_party_ros2/third_party_ws/install/apriltag_msgs/local/lib/python3.10/dist-packages:/opt/ros/humble/lib/python3.10/site-packages:/opt/ros/humble/local/lib/python3.10/dist-packages', 'COLCON': '1', 'CMAKE_PREFIX_PATH': '/home/ubuntu/ros2_ws/install/ros_robot_controller_msgs:/home/ubuntu/ros2_ws/install/interfaces:/home/ubuntu/third_party_ros2/third_party_ws/install/ydlidar_ros2_driver:/home/ubuntu/third_party_ros2/third_party_ws/install/web_video_server:/home/ubuntu/third_party_ros2/third_party_ws/install/teb_local_planner:/home/ubuntu/third_party_ros2/third_party_ws/install/teb_msgs:/home/ubuntu/third_party_ros2/third_party_ws/install/sllidar_ros2:/home/ubuntu/third_party_ros2/third_party_ws/install/rf2o_laser_odometry:/home/ubuntu/third_party_ros2/third_party_ws/install/ldlidar_stl_ros2:/home/ubuntu/third_party_ros2/third_party_ws/install/laser_filters:/home/ubuntu/third_party_ros2/third_party_ws/install/imu_calib:/home/ubuntu/third_party_ros2/third_party_ws/install/costmap_converter:/home/ubuntu/third_party_ros2/third_party_ws/install/costmap_converter_msgs:/home/ubuntu/third_party_ros2/third_party_ws/install/async_web_server_cpp:/home/ubuntu/third_party_ros2/third_party_ws/install/ascamera:/home/ubuntu/third_party_ros2/third_party_ws/install/apriltag_ros:/home/ubuntu/third_party_ros2/third_party_ws/install/apriltag_msgs'}, 'shell': False}
[1.910106] (-) TimerEvent: {}
[2.010599] (-) TimerEvent: {}
[2.111263] (-) TimerEvent: {}
[2.203299] (wilj_test) StdoutLine: {'line': b'running egg_info\n'}
[2.204544] (wilj_test) StdoutLine: {'line': b'writing ../build/wilj_test/wilj_test.egg-info/PKG-INFO\n'}
[2.204903] (wilj_test) StdoutLine: {'line': b'writing dependency_links to ../build/wilj_test/wilj_test.egg-info/dependency_links.txt\n'}
[2.211239] (wilj_test) StdoutLine: {'line': b'writing entry points to ../build/wilj_test/wilj_test.egg-info/entry_points.txt\n'}
[2.211463] (-) TimerEvent: {}
[2.212637] (wilj_test) StdoutLine: {'line': b'writing requirements to ../build/wilj_test/wilj_test.egg-info/requires.txt\n'}
[2.213022] (wilj_test) StdoutLine: {'line': b'writing top-level names to ../build/wilj_test/wilj_test.egg-info/top_level.txt\n'}
[2.219376] (wilj_test) StdoutLine: {'line': b"reading manifest file '../build/wilj_test/wilj_test.egg-info/SOURCES.txt'\n"}
[2.220516] (wilj_test) StdoutLine: {'line': b"writing manifest file '../build/wilj_test/wilj_test.egg-info/SOURCES.txt'\n"}
[2.220738] (wilj_test) StdoutLine: {'line': b'running build\n'}
[2.220821] (wilj_test) StdoutLine: {'line': b'running build_py\n'}
[2.220942] (wilj_test) StdoutLine: {'line': b'creating /home/ubuntu/ros2_ws/src/build/wilj_test/build\n'}
[2.221036] (wilj_test) StdoutLine: {'line': b'creating /home/ubuntu/ros2_ws/src/build/wilj_test/build/lib\n'}
[2.221123] (wilj_test) StdoutLine: {'line': b'creating /home/ubuntu/ros2_ws/src/build/wilj_test/build/lib/wilj_test\n'}
[2.221215] (wilj_test) StdoutLine: {'line': b'copying wilj_test/simple_motion.py -> /home/ubuntu/ros2_ws/src/build/wilj_test/build/lib/wilj_test\n'}
[2.221363] (wilj_test) StdoutLine: {'line': b'copying wilj_test/__init__.py -> /home/ubuntu/ros2_ws/src/build/wilj_test/build/lib/wilj_test\n'}
[2.221647] (wilj_test) StdoutLine: {'line': b'running install\n'}
[2.221876] (wilj_test) StderrLine: {'line': b'/usr/lib/python3/dist-packages/setuptools/command/install.py:34: SetuptoolsDeprecationWarning: setup.py install is deprecated. Use build and pip and other standards-based tools.\n'}
[2.221963] (wilj_test) StderrLine: {'line': b'  warnings.warn(\n'}
[2.222310] (wilj_test) StdoutLine: {'line': b'running install_lib\n'}
[2.223439] (wilj_test) StdoutLine: {'line': b'creating /home/ubuntu/ros2_ws/src/install/wilj_test/lib/python3.10/site-packages/wilj_test\n'}
[2.223565] (wilj_test) StdoutLine: {'line': b'copying /home/ubuntu/ros2_ws/src/build/wilj_test/build/lib/wilj_test/simple_motion.py -> /home/ubuntu/ros2_ws/src/install/wilj_test/lib/python3.10/site-packages/wilj_test\n'}
[2.223725] (wilj_test) StdoutLine: {'line': b'copying /home/ubuntu/ros2_ws/src/build/wilj_test/build/lib/wilj_test/__init__.py -> /home/ubuntu/ros2_ws/src/install/wilj_test/lib/python3.10/site-packages/wilj_test\n'}
[2.224836] (wilj_test) StdoutLine: {'line': b'byte-compiling /home/ubuntu/ros2_ws/src/install/wilj_test/lib/python3.10/site-packages/wilj_test/simple_motion.py to simple_motion.cpython-310.pyc\n'}
[2.225533] (wilj_test) StdoutLine: {'line': b'byte-compiling /home/ubuntu/ros2_ws/src/install/wilj_test/lib/python3.10/site-packages/wilj_test/__init__.py to __init__.cpython-310.pyc\n'}
[2.225847] (wilj_test) StdoutLine: {'line': b'running install_data\n'}
[2.226779] (wilj_test) StdoutLine: {'line': b'running install_egg_info\n'}
[2.230098] (wilj_test) StdoutLine: {'line': b'Copying ../build/wilj_test/wilj_test.egg-info to /home/ubuntu/ros2_ws/src/install/wilj_test/lib/python3.10/site-packages/wilj_test-0.0.0-py3.10.egg-info\n'}
[2.231335] (wilj_test) StdoutLine: {'line': b'running install_scripts\n'}
[2.266587] (wilj_test) StdoutLine: {'line': b'Installing simple_motion script to /home/ubuntu/ros2_ws/src/install/wilj_test/lib/wilj_test\n'}
[2.267117] (wilj_test) StdoutLine: {'line': b"writing list of installed files to '/home/ubuntu/ros2_ws/src/build/wilj_test/install.log'\n"}
[2.313049] (-) TimerEvent: {}
[2.331847] (wilj_test) CommandEnded: {'returncode': 0}
[2.410529] (wilj_test) JobEnded: {'identifier': 'wilj_test', 'rc': 0}
[2.411578] (-) EventReactorShutdown: {}
